[2022-10-02 23:23:12] alias_create_execute
alias_create_execute () 
{ 
    for _path in "$rvm_rubies_path" "$rvm_gems_path" "$rvm_environments_path" "$rvm_wrappers_path";
    do
        if [[ -L "$_path/$alias_name" ]]; then
            \command \rm -fv "$_path/$alias_name" || return $?;
        fi;
        \command \ln -fs "$_path/$rvm_ruby_string" "$_path/$alias_name" || return $?;
    done;
    __rvm_db_ "$rvm_path/config/alias" "$alias_name" "$rvm_ruby_string"
}
current path: /home/ayu
GEM_PATH=/home/ayu/.rvm/gems/ruby-2.7.4:/home/ayu/.rvm/gems/ruby-2.7.4@global
GEM_HOME=/home/ayu/.rvm/gems/ruby-2.7.4
PATH=/home/ayu/.rvm/gems/ruby-2.7.4/bin:/home/ayu/.rvm/gems/ruby-2.7.4@global/bin:/home/ayu/.rvm/rubies/ruby-2.7.4/bin:/home/ayu/.rvm/bin:/usr/local/sbin:/usr/local/bin:/usr/sbin:/usr/bin:/sbin:/bin:/usr/games:/usr/local/games:/mnt/c/Program Files/WindowsApps/CanonicalGroupLimited.Ubuntu20.04onWindows_2004.2022.8.0_x64__79rhkp1fndgsc:/mnt/c/WINDOWS/system32:/mnt/c/WINDOWS:/mnt/c/WINDOWS/System32/Wbem:/mnt/c/WINDOWS/System32/WindowsPowerShell/v1.0:/mnt/c/WINDOWS/System32/OpenSSH:/mnt/c/Program Files/Git/cmd:/mnt/c/Users/Lenovo/AppData/Local/Microsoft/WindowsApps:/mnt/c/Users/Lenovo/AppData/Local/Programs/Microsoft VS Code/bin:/mnt/c/Users/Lenovo/AppData/Local/Programs/Git/cmd:/mnt/c/Users/Lenovo/AppData/Local/atom/bin:/snap/bin
command(1): alias_create_execute
+ for _path in "$rvm_rubies_path" "$rvm_gems_path" "$rvm_environments_path" "$rvm_wrappers_path"
+ [[ -L /home/ayu/.rvm/rubies/default ]]
+ command ln -fs /home/ayu/.rvm/rubies/ruby-2.7.4 /home/ayu/.rvm/rubies/default
+ ln -fs /home/ayu/.rvm/rubies/ruby-2.7.4 /home/ayu/.rvm/rubies/default
+ for _path in "$rvm_rubies_path" "$rvm_gems_path" "$rvm_environments_path" "$rvm_wrappers_path"
+ [[ -L /home/ayu/.rvm/gems/default ]]
+ command ln -fs /home/ayu/.rvm/gems/ruby-2.7.4 /home/ayu/.rvm/gems/default
+ ln -fs /home/ayu/.rvm/gems/ruby-2.7.4 /home/ayu/.rvm/gems/default
+ for _path in "$rvm_rubies_path" "$rvm_gems_path" "$rvm_environments_path" "$rvm_wrappers_path"
+ [[ -L /home/ayu/.rvm/environments/default ]]
+ command ln -fs /home/ayu/.rvm/environments/ruby-2.7.4 /home/ayu/.rvm/environments/default
+ ln -fs /home/ayu/.rvm/environments/ruby-2.7.4 /home/ayu/.rvm/environments/default
+ for _path in "$rvm_rubies_path" "$rvm_gems_path" "$rvm_environments_path" "$rvm_wrappers_path"
+ [[ -L /home/ayu/.rvm/wrappers/default ]]
+ command ln -fs /home/ayu/.rvm/wrappers/ruby-2.7.4 /home/ayu/.rvm/wrappers/default
+ ln -fs /home/ayu/.rvm/wrappers/ruby-2.7.4 /home/ayu/.rvm/wrappers/default
+ __rvm_db_ /home/ayu/.rvm/config/alias default ruby-2.7.4
+ typeset __db __key __value
+ __db=/home/ayu/.rvm/config/alias
+ __key=default
+ shift 2
+ __value=ruby-2.7.4
+ case "${__value}" in
+ __rvm_db_add /home/ayu/.rvm/config/alias default ruby-2.7.4
+ typeset __dir=/home/ayu/.rvm/config
+ [[ -f /home/ayu/.rvm/config/alias ]]
+ __rvm_db_remove /home/ayu/.rvm/config/alias default
+ [[ -f /home/ayu/.rvm/config/alias ]]
+ __rvm_sed -e '\#^default=# d' -e '/^$/d' /home/ayu/.rvm/config/alias
+ sed -e '\#^default=# d' -e '/^$/d' /home/ayu/.rvm/config/alias
+ command mv -f /home/ayu/.rvm/config/alias.new /home/ayu/.rvm/config/alias
+ mv -f /home/ayu/.rvm/config/alias.new /home/ayu/.rvm/config/alias
+ printf '%b=%b\n' default ruby-2.7.4
