[2022-10-02T22:04:27.468Z] starting `heroku update --autoupdate` from /usr/lib/heroku/bin/run version
waiting until 2022-10-02T23:04:27.443Z to update
waiting until 2022-10-02T23:05:07.861Z to update
waiting until 2022-10-02T23:05:07.861Z to update
waiting until 2022-10-02T23:05:07.861Z to update
waiting until 2022-10-02T23:05:07.861Z to update
waiting until 2022-10-02T23:05:07.861Z to update
waiting until 2022-10-02T23:05:07.861Z to update
waiting until 2022-10-02T23:05:07.861Z to update
waiting until 2022-10-02T23:05:07.861Z to update
waiting until 2022-10-02T23:05:07.861Z to update
waiting until 2022-10-02T23:05:07.861Z to update
waiting until 2022-10-02T23:05:07.861Z to update
waiting until 2022-10-02T23:05:07.861Z to update
waiting until 2022-10-02T23:05:07.861Z to update
waiting until 2022-10-02T23:05:07.861Z to update
waiting until 2022-10-02T23:05:07.861Z to update
waiting until 2022-10-02T23:05:07.861Z to update
waiting until 2022-10-02T23:05:07.861Z to update
waiting until 2022-10-02T23:05:07.861Z to update
waiting until 2022-10-02T23:05:07.861Z to update
waiting until 2022-10-02T23:05:07.861Z to update
waiting until 2022-10-02T23:05:07.861Z to update
waiting until 2022-10-02T23:05:07.861Z to update
waiting until 2022-10-02T23:05:07.861Z to update
waiting until 2022-10-02T23:05:07.861Z to update
waiting until 2022-10-02T23:05:07.861Z to update
waiting until 2022-10-02T23:05:07.861Z to update
waiting until 2022-10-02T23:05:07.861Z to update
time to update
heroku: Updating CLI... fetching manifest
heroku: Updating CLI... !
